<?xml version="1.0" encoding="UTF-8"?>
<!-- Generated by org.testng.reporters.JUnitReportReporter -->
<testsuite hostname="DESKTOP-1P5H0B3" failures="0" tests="1" name="com.AshokMavenProject.testCases.TC_LoginTest_001" time="3.064" errors="0" timestamp="2024-02-11T15:20:59 IST" skipped="0">
  <testcase classname="com.AshokMavenProject.testCases.TC_LoginTest_001" name="loginTest" time="3.064"/>
</testsuite> <!-- com.AshokMavenProject.testCases.TC_LoginTest_001 -->
