<?xml version="1.0" encoding="UTF-8"?>
<!-- Generated by org.testng.reporters.JUnitReportReporter -->
<testsuite hostname="DESKTOP-1P5H0B3" failures="0" tests="1" name="com.AshokMavenProject.testCases.TC_LoginTest_001" time="2.693" errors="0" timestamp="2024-02-16T17:59:25 IST" skipped="0">
  <testcase classname="com.AshokMavenProject.testCases.TC_LoginTest_001" name="loginTest" time="2.693"/>
</testsuite> <!-- com.AshokMavenProject.testCases.TC_LoginTest_001 -->
